<?xml version="1.0" encoding="UTF-8"?>
<testsuite name="AccountTest" tests="6" skipped="0" failures="0" errors="0" timestamp="2018-03-20T08:13:07" hostname="sreenads.local" time="0.005">
  <properties/>
  <testcase name="validateAccountNumber" classname="AccountTest" time="0.001"/>
  <testcase name="checkAccountNumber" classname="AccountTest" time="0.002"/>
  <testcase name="checkBalance" classname="AccountTest" time="0.001"/>
  <testcase name="checkDebitAmount" classname="AccountTest" time="0.0"/>
  <testcase name="validateDebitAction" classname="AccountTest" time="0.0"/>
  <testcase name="checkMinimumBalance" classname="AccountTest" time="0.0"/>
  <system-out><![CDATA[]]></system-out>
  <system-err><![CDATA[]]></system-err>
</testsuite>
